{"warn": "NO_SUBSCRIBER", "topic": "SYSTEM_STARTED"}
{"warn": "NO_SUBSCRIBER", "topic": "TASK_STATUS"}
{"warn": "NO_SUBSCRIBER", "topic": "ENGINE_LOADED_SIGNAL"}
{"warn": "NO_SUBSCRIBER", "topic": "SYSTEM_STARTED"}
{"warn": "NO_SUBSCRIBER", "topic": "TASK_STATUS"}
{"warn": "NO_SUBSCRIBER", "topic": "ENGINE_LOADED_SIGNAL"}
{"warn": "NO_SUBSCRIBER", "topic": "SYSTEM_STARTED"}
{"warn": "NO_SUBSCRIBER", "topic": "TASK_STATUS"}
{"warn": "NO_SUBSCRIBER", "topic": "ENGINE_LOADED_SIGNAL"}
{"warn": "NO_SUBSCRIBER", "topic": "SYSTEM_STARTED"}
{"warn": "NO_SUBSCRIBER", "topic": "TASK_STATUS"}
{"warn": "NO_SUBSCRIBER", "topic": "ENGINE_LOADED_SIGNAL"}
{"warn": "NO_SUBSCRIBER", "topic": "SYSTEM_STARTED"}
{"warn": "NO_SUBSCRIBER", "topic": "SYSTEM_STARTED"}
{"warn": "NO_SUBSCRIBER", "topic": "TASK_STATUS"}
{"warn": "NO_SUBSCRIBER", "topic": "ENGINE_LOADED_SIGNAL"}
{"warn": "NO_SUBSCRIBER", "topic": "SYSTEM_STARTED"}
{"warn": "NO_SUBSCRIBER", "topic": "TASK_STATUS"}
{"warn": "NO_SUBSCRIBER", "topic": "ENGINE_LOADED_SIGNAL"}
{"warn": "NO_SUBSCRIBER", "topic": "SYSTEM_STARTED"}
{"warn": "NO_SUBSCRIBER", "topic": "TASK_STATUS"}
{"warn": "NO_SUBSCRIBER", "topic": "ENGINE_LOADED_SIGNAL"}
{"warn": "NO_SUBSCRIBER", "topic": "SYSTEM_STARTED"}
{"warn": "NO_SUBSCRIBER", "topic": "TASK_STATUS"}
{"warn": "NO_SUBSCRIBER", "topic": "ENGINE_LOADED_SIGNAL"}
{"warn": "NO_SUBSCRIBER", "topic": "SYSTEM_STARTED"}
{"warn": "NO_SUBSCRIBER", "topic": "TASK_STATUS"}
{"warn": "NO_SUBSCRIBER", "topic": "ENGINE_LOADED_SIGNAL"}
{"warn": "NO_SUBSCRIBER", "topic": "SYSTEM_STARTED"}
{"warn": "NO_SUBSCRIBER", "topic": "TASK_STATUS"}
{"warn": "NO_SUBSCRIBER", "topic": "ENGINE_LOADED_SIGNAL"}
{"warn": "NO_SUBSCRIBER", "topic": "SYSTEM_STARTED"}
{"warn": "NO_SUBSCRIBER", "topic": "TASK_STATUS"}
{"warn": "NO_SUBSCRIBER", "topic": "ENGINE_LOADED_SIGNAL"}
{"warn": "NO_SUBSCRIBER", "topic": "SYSTEM_STARTED"}
{"warn": "NO_SUBSCRIBER", "topic": "TASK_STATUS"}
{"warn": "NO_SUBSCRIBER", "topic": "ENGINE_LOADED_SIGNAL"}
{"warn": "NO_SUBSCRIBER", "topic": "SYSTEM_STARTED"}
{"warn": "NO_SUBSCRIBER", "topic": "TASK_STATUS"}
{"warn": "NO_SUBSCRIBER", "topic": "ENGINE_LOADED_SIGNAL"}
{"warn": "NO_SUBSCRIBER", "topic": "SYSTEM_STARTED"}
{"warn": "NO_SUBSCRIBER", "topic": "TASK_STATUS"}
{"warn": "NO_SUBSCRIBER", "topic": "ENGINE_LOADED_SIGNAL"}
{"warn": "NO_SUBSCRIBER", "topic": "SYSTEM_STARTED"}
{"warn": "NO_SUBSCRIBER", "topic": "TASK_STATUS"}
{"warn": "NO_SUBSCRIBER", "topic": "ENGINE_LOADED_SIGNAL"}
{"warn": "NO_SUBSCRIBER", "topic": "SYSTEM_STARTED"}
{"warn": "NO_SUBSCRIBER", "topic": "TASK_STATUS"}
{"warn": "NO_SUBSCRIBER", "topic": "ENGINE_LOADED_SIGNAL"}
{"warn": "NO_SUBSCRIBER", "topic": "SYSTEM_STARTED"}
{"warn": "NO_SUBSCRIBER", "topic": "TASK_STATUS"}
{"warn": "NO_SUBSCRIBER", "topic": "ENGINE_LOADED_SIGNAL"}
{"warn": "NO_SUBSCRIBER", "topic": "SYSTEM_STARTED"}
{"warn": "NO_SUBSCRIBER", "topic": "TASK_STATUS"}
{"warn": "NO_SUBSCRIBER", "topic": "ENGINE_LOADED_SIGNAL"}
{"warn": "NO_SUBSCRIBER", "topic": "SYSTEM_STARTED"}
{"warn": "NO_SUBSCRIBER", "topic": "TASK_STATUS"}
{"warn": "NO_SUBSCRIBER", "topic": "ENGINE_LOADED_SIGNAL"}
{"warn": "NO_SUBSCRIBER", "topic": "SYSTEM_STARTED"}
{"warn": "NO_SUBSCRIBER", "topic": "TASK_STATUS"}
{"warn": "NO_SUBSCRIBER", "topic": "ENGINE_LOADED_SIGNAL"}
{"warn": "NO_SUBSCRIBER", "topic": "SYSTEM_STARTED"}
{"warn": "NO_SUBSCRIBER", "topic": "TASK_STATUS"}
{"warn": "NO_SUBSCRIBER", "topic": "ENGINE_LOADED_SIGNAL"}
{"warn": "NO_SUBSCRIBER", "topic": "SYSTEM_STARTED"}
{"warn": "NO_SUBSCRIBER", "topic": "TASK_STATUS"}
{"warn": "NO_SUBSCRIBER", "topic": "ENGINE_LOADED_SIGNAL"}
{"warn": "NO_SUBSCRIBER", "topic": "SYSTEM_STARTED"}
{"warn": "NO_SUBSCRIBER", "topic": "TASK_STATUS"}
{"warn": "NO_SUBSCRIBER", "topic": "ENGINE_LOADED_SIGNAL"}
{"warn": "NO_SUBSCRIBER", "topic": "SYSTEM_STARTED"}
{"warn": "NO_SUBSCRIBER", "topic": "TASK_STATUS"}
{"warn": "NO_SUBSCRIBER", "topic": "ENGINE_LOADED_SIGNAL"}
{"warn": "NO_SUBSCRIBER", "topic": "SYSTEM_STARTED"}
{"warn": "NO_SUBSCRIBER", "topic": "TASK_STATUS"}
{"warn": "NO_SUBSCRIBER", "topic": "ENGINE_LOADED_SIGNAL"}
{"warn": "NO_SUBSCRIBER", "topic": "EXECUTION_PROGRESS"}
{"warn": "NO_SUBSCRIBER", "topic": "EXECUTION_DONE"}
{"warn": "NO_SUBSCRIBER", "topic": "SYSTEM_STARTED"}
{"warn": "NO_SUBSCRIBER", "topic": "TASK_STATUS"}
{"warn": "NO_SUBSCRIBER", "topic": "ENGINE_LOADED_SIGNAL"}
{"warn": "NO_SUBSCRIBER", "topic": "EXECUTION_PROGRESS"}
{"warn": "NO_SUBSCRIBER", "topic": "EXECUTION_DONE"}
{"warn": "NO_SUBSCRIBER", "topic": "SYSTEM_STARTED"}
{"warn": "NO_SUBSCRIBER", "topic": "TASK_STATUS"}
{"warn": "NO_SUBSCRIBER", "topic": "ENGINE_LOADED_SIGNAL"}
{"warn": "NO_SUBSCRIBER", "topic": "TASK_STATUS"}
{"warn": "NO_SUBSCRIBER", "topic": "TASK_STATUS"}
{"warn": "NO_SUBSCRIBER", "topic": "TASK_STATUS"}
{"warn": "NO_SUBSCRIBER", "topic": "SYSTEM_STARTED"}
{"warn": "NO_SUBSCRIBER", "topic": "TASK_STATUS"}
{"warn": "NO_SUBSCRIBER", "topic": "ENGINE_LOADED_SIGNAL"}
{"warn": "NO_SUBSCRIBER", "topic": "TASK_STATUS"}
{"warn": "NO_SUBSCRIBER", "topic": "TASK_STATUS"}
{"warn": "NO_SUBSCRIBER", "topic": "TASK_STATUS"}
{"warn": "NO_SUBSCRIBER", "topic": "UI_RESPONSE"}
{"warn": "NO_SUBSCRIBER", "topic": "UI_RESPONSE"}
{"warn": "NO_SUBSCRIBER", "topic": "UI_RESPONSE"}
{"warn": "NO_SUBSCRIBER", "topic": "SYSTEM_STARTED"}
{"warn": "NO_SUBSCRIBER", "topic": "ENGINE_LOADED_SIGNAL"}
{"warn": "NO_SUBSCRIBER", "topic": "UI_RESPONSE"}
{"warn": "NO_SUBSCRIBER", "topic": "SYSTEM_STARTED"}
{"warn": "NO_SUBSCRIBER", "topic": "SYSTEM_STARTED"}
{"warn": "NO_SUBSCRIBER", "topic": "SYSTEM_STARTED"}
{"warn": "NO_SUBSCRIBER", "topic": "SYSTEM_STARTED"}
{"warn": "NO_SUBSCRIBER", "topic": "SYSTEM_STARTED"}
{"warn": "NO_SUBSCRIBER", "topic": "SYSTEM_STARTED"}
{"warn": "NO_SUBSCRIBER", "topic": "SYSTEM_STARTED"}
{"warn": "NO_SUBSCRIBER", "topic": "ENGINE_LOADED_SIGNAL"}
{"warn": "NO_SUBSCRIBER", "topic": "SYSTEM_STARTED"}
{"warn": "NO_SUBSCRIBER", "topic": "ENGINE_LOADED_SIGNAL"}
{"warn": "NO_SUBSCRIBER", "topic": "SYSTEM_STARTED"}
{"warn": "NO_SUBSCRIBER", "topic": "ENGINE_LOADED_SIGNAL"}
{"warn": "NO_SUBSCRIBER", "topic": "SYSTEM_STARTED"}
{"warn": "NO_SUBSCRIBER", "topic": "ENGINE_LOADED_SIGNAL"}
{"warn": "NO_SUBSCRIBER", "topic": "SYSTEM_STARTED"}
{"warn": "NO_SUBSCRIBER", "topic": "ENGINE_LOADED_SIGNAL"}
{"warn": "NO_SUBSCRIBER", "topic": "SYSTEM_STARTED"}
{"warn": "NO_SUBSCRIBER", "topic": "ENGINE_LOADED_SIGNAL"}
{"warn": "NO_SUBSCRIBER", "topic": "EXECUTION_PROGRESS"}
{"warn": "NO_SUBSCRIBER", "topic": "EXECUTION_DONE"}
{"warn": "NO_SUBSCRIBER", "topic": "SYSTEM_STARTED"}
{"warn": "NO_SUBSCRIBER", "topic": "SYSTEM_STARTED"}
{"warn": "NO_SUBSCRIBER", "topic": "SYSTEM_STARTED"}
{"warn": "NO_SUBSCRIBER", "topic": "SYSTEM_STARTED"}
{"warn": "NO_SUBSCRIBER", "topic": "SYSTEM_STARTED"}
{"warn": "NO_SUBSCRIBER", "topic": "SYSTEM_STARTED"}
{"warn": "NO_SUBSCRIBER", "topic": "SYSTEM_STARTED"}
{"warn": "NO_SUBSCRIBER", "topic": "SYSTEM_STARTED"}
{"warn": "NO_SUBSCRIBER", "topic": "SYSTEM_STARTED"}
{"warn": "NO_SUBSCRIBER", "topic": "SYSTEM_STARTED"}
{"warn": "NO_SUBSCRIBER", "topic": "SYSTEM_STARTED"}
{"warn": "NO_SUBSCRIBER", "topic": "SYSTEM_STARTED"}
{"warn": "NO_SUBSCRIBER", "topic": "SYSTEM_STARTED"}
{"warn": "NO_SUBSCRIBER", "topic": "SYSTEM_STARTED"}
{"warn": "NO_SUBSCRIBER", "topic": "SYSTEM_STARTED"}
{"warn": "NO_SUBSCRIBER", "topic": "SYSTEM_STARTED"}
{"warn": "NO_SUBSCRIBER", "topic": "SYSTEM_STARTED"}
{"warn": "NO_SUBSCRIBER", "topic": "SYSTEM_STARTED"}
{"warn": "NO_SUBSCRIBER", "topic": "SYSTEM_STARTED"}
{"warn": "NO_SUBSCRIBER", "topic": "SYSTEM_STARTED"}
{"warn": "NO_SUBSCRIBER", "topic": "SYSTEM_STARTED"}
{"warn": "NO_SUBSCRIBER", "topic": "SYSTEM_STARTED"}
{"warn": "NO_SUBSCRIBER", "topic": "SYSTEM_STARTED"}
{"warn": "NO_SUBSCRIBER", "topic": "SYSTEM_STARTED"}
{"warn": "NO_SUBSCRIBER", "topic": "SYSTEM_STARTED"}
{"warn": "NO_SUBSCRIBER", "topic": "SYSTEM_STARTED"}
{"warn": "NO_SUBSCRIBER", "topic": "SYSTEM_STARTED"}
{"warn": "NO_SUBSCRIBER", "topic": "SYSTEM_STARTED"}
{"warn": "NO_SUBSCRIBER", "topic": "SYSTEM_STARTED"}
{"warn": "NO_SUBSCRIBER", "topic": "SYSTEM_STARTED"}
{"warn": "NO_SUBSCRIBER", "topic": "SYSTEM_STARTED"}
{"warn": "NO_SUBSCRIBER", "topic": "SYSTEM_STARTED"}
{"warn": "NO_SUBSCRIBER", "topic": "SYSTEM_STARTED"}
{"warn": "NO_SUBSCRIBER", "topic": "SYSTEM_STARTED"}
{"warn": "NO_SUBSCRIBER", "topic": "SYSTEM_STARTED"}
{"warn": "NO_SUBSCRIBER", "topic": "SYSTEM_STARTED"}
{"warn": "NO_SUBSCRIBER", "topic": "SYSTEM_STARTED"}
{"warn": "NO_SUBSCRIBER", "topic": "SYSTEM_STARTED"}
{"warn": "NO_SUBSCRIBER", "topic": "SYSTEM_STARTED"}
{"warn": "NO_SUBSCRIBER", "topic": "SYSTEM_STARTED"}
{"warn": "NO_SUBSCRIBER", "topic": "SYSTEM_STARTED"}
{"warn": "NO_SUBSCRIBER", "topic": "SYSTEM_STARTED"}
{"warn": "NO_SUBSCRIBER", "topic": "SYSTEM_STARTED"}
{"warn": "NO_SUBSCRIBER", "topic": "SYSTEM_STARTED"}
{"warn": "NO_SUBSCRIBER", "topic": "SYSTEM_STARTED"}
{"warn": "NO_SUBSCRIBER", "topic": "SYSTEM_STARTED"}
{"warn": "NO_SUBSCRIBER", "topic": "SYSTEM_STARTED"}
{"warn": "NO_SUBSCRIBER", "topic": "SYSTEM_STARTED"}
{"warn": "NO_SUBSCRIBER", "topic": "SYSTEM_STARTED"}
{"warn": "NO_SUBSCRIBER", "topic": "SYSTEM_STARTED"}
{"warn": "NO_SUBSCRIBER", "topic": "SYSTEM_STARTED"}
{"warn": "NO_SUBSCRIBER", "topic": "SYSTEM_STARTED"}
{"warn": "NO_SUBSCRIBER", "topic": "SYSTEM_STARTED"}
{"warn": "NO_SUBSCRIBER", "topic": "SYSTEM_STARTED"}
{"warn": "NO_SUBSCRIBER", "topic": "SYSTEM_STARTED"}
{"warn": "NO_SUBSCRIBER", "topic": "SYSTEM_STARTED"}
{"warn": "NO_SUBSCRIBER", "topic": "SYSTEM_STARTED"}
{"warn": "NO_SUBSCRIBER", "topic": "SYSTEM_STARTED"}
{"warn": "NO_SUBSCRIBER", "topic": "SYSTEM_STARTED"}
{"warn": "NO_SUBSCRIBER", "topic": "SYSTEM_STARTED"}
{"warn": "NO_SUBSCRIBER", "topic": "SYSTEM_STARTED"}
{"warn": "NO_SUBSCRIBER", "topic": "SYSTEM_STARTED"}
{"warn": "NO_SUBSCRIBER", "topic": "SYSTEM_STARTED"}
{"warn": "NO_SUBSCRIBER", "topic": "SYSTEM_STARTED"}
{"warn": "NO_SUBSCRIBER", "topic": "SYSTEM_STARTED"}
{"warn": "NO_SUBSCRIBER", "topic": "SYSTEM_STARTED"}
{"warn": "NO_SUBSCRIBER", "topic": "SYSTEM_STARTED"}
{"warn": "NO_SUBSCRIBER", "topic": "SYSTEM_STARTED"}
{"warn": "NO_SUBSCRIBER", "topic": "SYSTEM_STARTED"}
{"warn": "NO_SUBSCRIBER", "topic": "SYSTEM_STARTED"}
{"warn": "NO_SUBSCRIBER", "topic": "SYSTEM_STARTED"}
{"warn": "NO_SUBSCRIBER", "topic": "SYSTEM_STARTED"}
{"warn": "NO_SUBSCRIBER", "topic": "SYSTEM_STARTED"}
{"warn": "NO_SUBSCRIBER", "topic": "SYSTEM_STARTED"}
{"warn": "NO_SUBSCRIBER", "topic": "SYSTEM_STARTED"}
{"warn": "NO_SUBSCRIBER", "topic": "SYSTEM_STARTED"}
{"warn": "NO_SUBSCRIBER", "topic": "SYSTEM_STARTED"}
{"warn": "NO_SUBSCRIBER", "topic": "SYSTEM_STARTED"}
{"warn": "NO_SUBSCRIBER", "topic": "SYSTEM_STARTED"}
{"warn": "NO_SUBSCRIBER", "topic": "SYSTEM_STARTED"}
{"warn": "NO_SUBSCRIBER", "topic": "SYSTEM_STARTED"}
{"warn": "NO_SUBSCRIBER", "topic": "SYSTEM_STARTED"}
{"warn": "NO_SUBSCRIBER", "topic": "SYSTEM_STARTED"}
{"warn": "NO_SUBSCRIBER", "topic": "SYSTEM_STARTED"}
{"warn": "NO_SUBSCRIBER", "topic": "SYSTEM_STARTED"}
{"warn": "NO_SUBSCRIBER", "topic": "SYSTEM_STARTED"}
{"warn": "NO_SUBSCRIBER", "topic": "SYSTEM_STARTED"}
{"warn": "NO_SUBSCRIBER", "topic": "SYSTEM_STARTED"}
{"warn": "NO_SUBSCRIBER", "topic": "SYSTEM_STARTED"}
{"warn": "NO_SUBSCRIBER", "topic": "SYSTEM_STARTED"}
{"warn": "NO_SUBSCRIBER", "topic": "SYSTEM_STARTED"}
{"warn": "NO_SUBSCRIBER", "topic": "SYSTEM_STARTED"}
{"warn": "NO_SUBSCRIBER", "topic": "SYSTEM_STARTED"}
{"warn": "NO_SUBSCRIBER", "topic": "SYSTEM_STARTED"}
{"warn": "NO_SUBSCRIBER", "topic": "SYSTEM_STARTED"}
{"warn": "NO_SUBSCRIBER", "topic": "SYSTEM_STARTED"}
{"warn": "NO_SUBSCRIBER", "topic": "SYSTEM_STARTED"}
{"warn": "NO_SUBSCRIBER", "topic": "SYSTEM_STARTED"}
{"warn": "NO_SUBSCRIBER", "topic": "SYSTEM_STARTED"}
{"warn": "NO_SUBSCRIBER", "topic": "SYSTEM_STARTED"}
{"warn": "NO_SUBSCRIBER", "topic": "SYSTEM_STARTED"}
{"warn": "NO_SUBSCRIBER", "topic": "SYSTEM_STARTED"}
{"warn": "NO_SUBSCRIBER", "topic": "SYSTEM_STARTED"}
{"warn": "NO_SUBSCRIBER", "topic": "SYSTEM_STARTED"}
{"warn": "NO_SUBSCRIBER", "topic": "SYSTEM_STARTED"}
{"warn": "NO_SUBSCRIBER", "topic": "SYSTEM_STARTED"}
{"warn": "NO_SUBSCRIBER", "topic": "SYSTEM_STARTED"}
{"warn": "NO_SUBSCRIBER", "topic": "SYSTEM_STARTED"}
{"warn": "NO_SUBSCRIBER", "topic": "SYSTEM_STARTED"}
{"warn": "NO_SUBSCRIBER", "topic": "SYSTEM_STARTED"}
{"warn": "NO_SUBSCRIBER", "topic": "SYSTEM_STARTED"}
{"warn": "NO_SUBSCRIBER", "topic": "SYSTEM_STARTED"}
{"warn": "NO_SUBSCRIBER", "topic": "SYSTEM_STARTED"}
{"warn": "NO_SUBSCRIBER", "topic": "SYSTEM_STARTED"}
{"warn": "NO_SUBSCRIBER", "topic": "SYSTEM_STARTED"}
{"warn": "NO_SUBSCRIBER", "topic": "SYSTEM_STARTED"}
{"warn": "NO_SUBSCRIBER", "topic": "SYSTEM_STARTED"}
{"warn": "NO_SUBSCRIBER", "topic": "SYSTEM_STARTED"}
{"warn": "NO_SUBSCRIBER", "topic": "SYSTEM_STARTED"}
{"warn": "NO_SUBSCRIBER", "topic": "SYSTEM_STARTED"}
{"warn": "NO_SUBSCRIBER", "topic": "SYSTEM_STARTED"}
{"warn": "NO_SUBSCRIBER", "topic": "SYSTEM_STARTED"}
{"warn": "NO_SUBSCRIBER", "topic": "SYSTEM_STARTED"}
{"warn": "NO_SUBSCRIBER", "topic": "ENGINE_READY"}
{"warn": "NO_SUBSCRIBER", "topic": "FAISS_BACKEND"}
{"warn": "NO_SUBSCRIBER", "topic": "ENGINE_READY"}
{"warn": "NO_SUBSCRIBER", "topic": "FAISS_BACKEND"}
{"warn": "NO_SUBSCRIBER", "topic": "ENGINE_READY"}
{"warn": "NO_SUBSCRIBER", "topic": "FAISS_BACKEND"}
{"warn": "NO_SUBSCRIBER", "topic": "ENGINE_READY"}
{"warn": "NO_SUBSCRIBER", "topic": "FAISS_BACKEND"}
{"warn": "NO_SUBSCRIBER", "topic": "ENGINE_READY"}
{"warn": "NO_SUBSCRIBER", "topic": "FAISS_BACKEND"}
{"warn": "NO_SUBSCRIBER", "topic": "ENGINE_READY"}
{"warn": "NO_SUBSCRIBER", "topic": "FAISS_BACKEND"}
{"warn": "NO_SUBSCRIBER", "topic": "ENGINE_READY"}
{"warn": "NO_SUBSCRIBER", "topic": "FAISS_BACKEND"}
{"warn": "NO_SUBSCRIBER", "topic": "ENGINE_READY"}
{"warn": "NO_SUBSCRIBER", "topic": "FAISS_BACKEND"}
{"warn": "NO_SUBSCRIBER", "topic": "ENGINE_READY"}
{"warn": "NO_SUBSCRIBER", "topic": "FAISS_BACKEND"}
{"warn": "NO_SUBSCRIBER", "topic": "ENGINE_READY"}
{"warn": "NO_SUBSCRIBER", "topic": "FAISS_BACKEND"}
{"warn": "NO_SUBSCRIBER", "topic": "ENGINE_READY"}
{"warn": "NO_SUBSCRIBER", "topic": "FAISS_BACKEND"}
{"warn": "NO_SUBSCRIBER", "topic": "ORCHESTRATOR_TASK"}
{"warn": "NO_SUBSCRIBER", "topic": "ORCHESTRATOR_TASK"}
{"warn": "NO_SUBSCRIBER", "topic": "ENGINE_READY"}
{"warn": "NO_SUBSCRIBER", "topic": "FAISS_BACKEND"}
{"warn": "NO_SUBSCRIBER", "topic": "ENGINE_READY"}
{"warn": "NO_SUBSCRIBER", "topic": "FAISS_BACKEND"}
{"warn": "NO_SUBSCRIBER", "topic": "ENGINE_READY"}
{"warn": "NO_SUBSCRIBER", "topic": "FAISS_BACKEND"}
{"warn": "NO_SUBSCRIBER", "topic": "ENGINE_READY"}
{"warn": "NO_SUBSCRIBER", "topic": "FAISS_BACKEND"}
{"warn": "NO_SUBSCRIBER", "topic": "ENGINE_READY"}
{"warn": "NO_SUBSCRIBER", "topic": "FAISS_BACKEND"}
{"warn": "NO_SUBSCRIBER", "topic": "ENGINE_READY"}
{"warn": "NO_SUBSCRIBER", "topic": "FAISS_BACKEND"}
{"warn": "NO_SUBSCRIBER", "topic": "ENGINE_READY"}
{"warn": "NO_SUBSCRIBER", "topic": "FAISS_BACKEND"}
{"warn": "NO_SUBSCRIBER", "topic": "ENGINE_READY"}
{"warn": "NO_SUBSCRIBER", "topic": "FAISS_BACKEND"}
{"warn": "NO_SUBSCRIBER", "topic": "ENGINE_READY"}
{"warn": "NO_SUBSCRIBER", "topic": "FAISS_BACKEND"}
{"warn": "NO_SUBSCRIBER", "topic": "ENGINE_READY"}
{"warn": "NO_SUBSCRIBER", "topic": "FAISS_BACKEND"}
{"warn": "NO_SUBSCRIBER", "topic": "ENGINE_READY"}
{"warn": "NO_SUBSCRIBER", "topic": "FAISS_BACKEND"}
{"warn": "NO_SUBSCRIBER", "topic": "ENGINE_READY"}
{"warn": "NO_SUBSCRIBER", "topic": "FAISS_BACKEND"}
{"warn": "NO_SUBSCRIBER", "topic": "ENGINE_READY"}
{"warn": "NO_SUBSCRIBER", "topic": "FAISS_BACKEND"}
{"warn": "NO_SUBSCRIBER", "topic": "ENGINE_READY"}
{"warn": "NO_SUBSCRIBER", "topic": "FAISS_BACKEND"}
{"warn": "NO_SUBSCRIBER", "topic": "ENGINE_READY"}
{"warn": "NO_SUBSCRIBER", "topic": "FAISS_BACKEND"}
{"warn": "NO_SUBSCRIBER", "topic": "ENGINE_READY"}
{"warn": "NO_SUBSCRIBER", "topic": "FAISS_BACKEND"}
{"warn": "NO_SUBSCRIBER", "topic": "ENGINE_READY"}
{"warn": "NO_SUBSCRIBER", "topic": "ENGINE_READY"}
{"warn": "NO_SUBSCRIBER", "topic": "ENGINE_READY"}
{"warn": "NO_SUBSCRIBER", "topic": "ENGINE_READY"}
{"warn": "NO_SUBSCRIBER", "topic": "ENGINE_READY"}
{"warn": "NO_SUBSCRIBER", "topic": "ENGINE_READY"}
{"warn": "NO_SUBSCRIBER", "topic": "ENGINE_READY"}
{"warn": "NO_SUBSCRIBER", "topic": "inference"}
{"warn": "NO_SUBSCRIBER", "topic": "inference"}
{"warn": "NO_SUBSCRIBER", "topic": "ENGINE_READY"}
{"warn": "NO_SUBSCRIBER", "topic": "inference"}
{"warn": "NO_SUBSCRIBER", "topic": "ENGINE_READY"}
{"warn": "NO_SUBSCRIBER", "topic": "inference"}
{"warn": "NO_SUBSCRIBER", "topic": "inference"}
{"warn": "NO_SUBSCRIBER", "topic": "inference"}
{"warn": "NO_SUBSCRIBER", "topic": "ENGINE_READY"}
{"warn": "NO_SUBSCRIBER", "topic": "inference"}
{"warn": "NO_SUBSCRIBER", "topic": "ENGINE_READY"}
{"warn": "NO_SUBSCRIBER", "topic": "inference"}
{"warn": "NO_SUBSCRIBER", "topic": "inference"}
{"warn": "NO_SUBSCRIBER", "topic": "ENGINE_READY"}
{"warn": "NO_SUBSCRIBER", "topic": "inference"}
{"warn": "NO_SUBSCRIBER", "topic": "inference"}
{"warn": "NO_SUBSCRIBER", "topic": "ENGINE_READY"}
{"warn": "NO_SUBSCRIBER", "topic": "inference"}
{"warn": "NO_SUBSCRIBER", "topic": "ENGINE_READY"}
{"warn": "NO_SUBSCRIBER", "topic": "inference"}
{"warn": "NO_SUBSCRIBER", "topic": "inference"}
{"warn": "NO_SUBSCRIBER", "topic": "ENGINE_READY"}
{"warn": "NO_SUBSCRIBER", "topic": "ENGINE_READY"}
{"warn": "NO_SUBSCRIBER", "topic": "ENGINE_READY"}
{"warn": "NO_SUBSCRIBER", "topic": "inference"}
{"warn": "NO_SUBSCRIBER", "topic": "ENGINE_READY"}
{"warn": "NO_SUBSCRIBER", "topic": "inference"}
{"warn": "NO_SUBSCRIBER", "topic": "ENGINE_READY"}
{"warn": "NO_SUBSCRIBER", "topic": "ENGINE_READY"}
{"warn": "NO_SUBSCRIBER", "topic": "ENGINE_READY"}
{"warn": "NO_SUBSCRIBER", "topic": "ENGINE_READY"}
{"warn": "NO_SUBSCRIBER", "topic": "ENGINE_READY"}
{"warn": "NO_SUBSCRIBER", "topic": "ENGINE_READY"}
{"warn": "NO_SUBSCRIBER", "topic": "ENGINE_READY"}
{"warn": "NO_SUBSCRIBER", "topic": "ENGINE_READY"}
{"warn": "NO_SUBSCRIBER", "topic": "ENGINE_READY"}
{"warn": "NO_SUBSCRIBER", "topic": "ENGINE_READY"}
{"warn": "NO_SUBSCRIBER", "topic": "ENGINE_READY"}
{"warn": "NO_SUBSCRIBER", "topic": "ENGINE_READY"}
{"warn": "NO_SUBSCRIBER", "topic": "ENGINE_READY"}
{"warn": "NO_SUBSCRIBER", "topic": "ENGINE_READY"}
{"warn": "NO_SUBSCRIBER", "topic": "ENGINE_READY"}
{"warn": "NO_SUBSCRIBER", "topic": "ENGINE_READY"}
{"warn": "NO_SUBSCRIBER", "topic": "ENGINE_READY"}
{"warn": "NO_SUBSCRIBER", "topic": "ENGINE_READY"}
{"warn": "NO_SUBSCRIBER", "topic": "ENGINE_READY"}
{"warn": "NO_SUBSCRIBER", "topic": "ENGINE_READY"}
{"warn": "NO_SUBSCRIBER", "topic": "ENGINE_READY"}
{"warn": "NO_SUBSCRIBER", "topic": "ENGINE_READY"}
{"warn": "NO_SUBSCRIBER", "topic": "ENGINE_READY"}
{"warn": "NO_SUBSCRIBER", "topic": "ENGINE_READY"}
{"warn": "NO_SUBSCRIBER", "topic": "ENGINE_READY"}
{"warn": "NO_SUBSCRIBER", "topic": "ENGINE_READY"}
{"warn": "NO_SUBSCRIBER", "topic": "ENGINE_READY"}
{"warn": "NO_SUBSCRIBER", "topic": "ENGINE_READY"}
{"warn": "NO_SUBSCRIBER", "topic": "ENGINE_READY"}
{"warn": "NO_SUBSCRIBER", "topic": "ENGINE_READY"}
{"warn": "NO_SUBSCRIBER", "topic": "ENGINE_READY"}
{"warn": "NO_SUBSCRIBER", "topic": "ENGINE_READY"}
{"warn": "NO_SUBSCRIBER", "topic": "ENGINE_READY"}
{"warn": "NO_SUBSCRIBER", "topic": "ENGINE_READY"}
{"warn": "NO_SUBSCRIBER", "topic": "ENGINE_READY"}
{"warn": "NO_SUBSCRIBER", "topic": "ENGINE_READY"}
{"warn": "NO_SUBSCRIBER", "topic": "ENGINE_READY"}
{"warn": "NO_SUBSCRIBER", "topic": "ENGINE_READY"}
{"warn": "NO_SUBSCRIBER", "topic": "ENGINE_READY"}
{"warn": "NO_SUBSCRIBER", "topic": "ENGINE_READY"}
{"warn": "NO_SUBSCRIBER", "topic": "ENGINE_READY"}
{"warn": "NO_SUBSCRIBER", "topic": "ENGINE_READY"}
{"warn": "NO_SUBSCRIBER", "topic": "ENGINE_READY"}
{"warn": "NO_SUBSCRIBER", "topic": "ENGINE_READY"}
{"warn": "NO_SUBSCRIBER", "topic": "ENGINE_READY"}
{"warn": "NO_SUBSCRIBER", "topic": "ENGINE_READY"}
{"warn": "NO_SUBSCRIBER", "topic": "ENGINE_READY"}
{"warn": "NO_SUBSCRIBER", "topic": "ENGINE_READY"}
{"warn": "NO_SUBSCRIBER", "topic": "inference"}
{"warn": "NO_SUBSCRIBER", "topic": "ENGINE_READY"}
{"warn": "NO_SUBSCRIBER", "topic": "inference"}
{"warn": "NO_SUBSCRIBER", "topic": "ENGINE_READY"}
{"warn": "NO_SUBSCRIBER", "topic": "inference"}
{"warn": "NO_SUBSCRIBER", "topic": "ENGINE_READY"}
{"warn": "NO_SUBSCRIBER", "topic": "inference"}
{"warn": "NO_SUBSCRIBER", "topic": "ENGINE_READY"}
{"warn": "NO_SUBSCRIBER", "topic": "ENGINE_READY"}
{"warn": "NO_SUBSCRIBER", "topic": "ENGINE_READY"}
{"warn": "NO_SUBSCRIBER", "topic": "ENGINE_READY"}
{"warn": "NO_SUBSCRIBER", "topic": "ENGINE_READY"}
{"warn": "NO_SUBSCRIBER", "topic": "ENGINE_READY"}
{"warn": "NO_SUBSCRIBER", "topic": "ENGINE_READY"}
{"warn": "NO_SUBSCRIBER", "topic": "ENGINE_READY"}
{"warn": "NO_SUBSCRIBER", "topic": "ENGINE_READY"}
{"warn": "NO_SUBSCRIBER", "topic": "ENGINE_READY"}
{"warn": "NO_SUBSCRIBER", "topic": "ENGINE_READY"}
{"warn": "NO_SUBSCRIBER", "topic": "ENGINE_READY"}
{"warn": "NO_SUBSCRIBER", "topic": "ENGINE_READY"}
{"warn": "NO_SUBSCRIBER", "topic": "ENGINE_READY"}
{"warn": "NO_SUBSCRIBER", "topic": "ENGINE_READY"}
{"warn": "NO_SUBSCRIBER", "topic": "ENGINE_READY"}
{"warn": "NO_SUBSCRIBER", "topic": "ENGINE_READY"}
{"warn": "NO_SUBSCRIBER", "topic": "ENGINE_READY"}
{"warn": "NO_SUBSCRIBER", "topic": "ENGINE_READY"}
{"warn": "NO_SUBSCRIBER", "topic": "ENGINE_READY"}
{"err": "cannot access local variable 'response' where it is not associated with a value", "eid": "578bde9dfde30bac8616b38f781f86ff"}
{"err": "cannot access local variable 'response' where it is not associated with a value", "eid": "578bde9dfde30bac8616b38f781f86ff"}
{"err": "cannot access local variable 'response' where it is not associated with a value", "eid": "578bde9dfde30bac8616b38f781f86ff"}
{"warn": "NO_SUBSCRIBER", "topic": "ENGINE_READY"}
{"err": "cannot access local variable 'response' where it is not associated with a value", "eid": "b8fd2d5563b9976573aaae4c44e177fd"}
{"err": "cannot access local variable 'response' where it is not associated with a value", "eid": "b8fd2d5563b9976573aaae4c44e177fd"}
{"err": "cannot access local variable 'response' where it is not associated with a value", "eid": "b8fd2d5563b9976573aaae4c44e177fd"}
{"warn": "NO_SUBSCRIBER", "topic": "ENGINE_READY"}
{"err": "cannot access local variable 'response' where it is not associated with a value", "eid": "46db6de745355fff3c6ff8d8d16b7acb"}
{"err": "cannot access local variable 'response' where it is not associated with a value", "eid": "46db6de745355fff3c6ff8d8d16b7acb"}
{"err": "cannot access local variable 'response' where it is not associated with a value", "eid": "46db6de745355fff3c6ff8d8d16b7acb"}
{"warn": "NO_SUBSCRIBER", "topic": "ENGINE_READY"}
{"warn": "NO_SUBSCRIBER", "topic": "ENGINE_READY"}
{"warn": "NO_SUBSCRIBER", "topic": "ENGINE_READY"}
{"warn": "NO_SUBSCRIBER", "topic": "ENGINE_READY"}
{"warn": "NO_SUBSCRIBER", "topic": "ENGINE_READY"}
{"warn": "NO_SUBSCRIBER", "topic": "ENGINE_READY"}
{"warn": "NO_SUBSCRIBER", "topic": "ENGINE_READY"}
{"warn": "NO_SUBSCRIBER", "topic": "ENGINE_READY"}
